"../../../Engine/Content/ArtTools/RenderToTexture/Enums/RenderToTexture_Enum.uasset" 0
"../../../Engine/Content/ArtTools/RenderToTexture/Enums/RenderToTexture_Flipbook_Enum.uasset" 1
"../../../Engine/Content/ArtTools/RenderToTexture/Enums/RenderToTexture_Imposter_Enum.uasset" 2
"../../../Engine/Content/ArtTools/RenderToTexture/Enums/EIntTypes.uasset" 3
"../../../Engine/Content/EditorBlueprintResources/StandardMacros.uasset" 4
"../../../Engine/Content/ArtTools/RenderToTexture/Macros/RenderToTextureFunctionLibrary.uasset" 5
"../../../Engine/Content/ArtTools/RenderToTexture/Enums/EFloatTypes.uasset" 6
"../../../Engine/Content/ArtTools/RenderToTexture/Macros/RenderToTextureMacros.uasset" 7
"../../../Engine/Content/EngineMaterials/T_Default_Material_Grid_N.uasset" 8
"../../../Engine/Content/EngineMaterials/T_Default_Material_Grid_M.uasset" 9
"../../../Engine/Content/Functions/Engine_MaterialFunctions01/Opacity/CameraDepthFade.uasset" 10
"../../../Engine/Content/EngineMaterials/WorldGridMaterial.uasset" 11
"../../../Engine/Content/ArtTools/RenderToTexture/Meshes/S_1_Unit_Plane.uasset" 12
"../../../Engine/Content/EngineMaterials/DefaultMaterial.uasset" 13
"../../../Engine/Content/BasicShapes/Cone.uasset" 14
"../../../Engine/Content/BasicShapes/Plane.uasset" 15
"../../../Engine/Content/EngineMaterials/DefaultPhysicalMaterial.uasset" 16
"../../../Engine/Content/BufferVisualization/AmbientOcclusion.uasset" 17
"../../../Engine/Content/Functions/Engine_MaterialFunctions02/Utility/AppendMany.uasset" 18
"../../../Engine/Content/BufferVisualization/Anisotropy.uasset" 19
"../../../Engine/Content/BufferVisualization/BaseColor.uasset" 20
"../../../Engine/Content/BufferVisualization/CustomDepth.uasset" 21
"../../../Engine/Content/Functions/Engine_MaterialFunctions02/Utility/VectorLength.uasset" 22
"../../../Engine/Content/BufferVisualization/CustomDepthWorldUnits.uasset" 23
"../../../Engine/Content/Functions/Engine_MaterialFunctions02/Utility/BreakOutFloat2Components.uasset" 24
"../../../Engine/Content/EngineMaterials/MiniFont.uasset" 25
"../../../Engine/Content/Functions/Engine_MaterialFunctions02/Utility/MakeFloat3.uasset" 26
"../../../Engine/Content/Functions/Engine_MaterialFunctions02/Utility/MakeFloat2.uasset" 27
"../../../Engine/Content/Functions/Engine_MaterialFunctions02/ScreenResolution.uasset" 28
"../../../Engine/Content/Functions/Engine_MaterialFunctions01/Texturing/ScaleUVsByCenter.uasset" 29
"../../../Engine/Content/Functions/Engine_MaterialFunctions02/Texturing/ScreenAlignedUVs.uasset" 30
"../../../Engine/Content/BufferVisualization/CustomStencil.uasset" 31
"../../../Engine/Content/BufferVisualization/FinalImage.uasset" 32
"../../../Engine/Content/BufferVisualization/LightingModel.uasset" 33
"../../../Engine/Content/BufferVisualization/MaterialAO.uasset" 34
"../../../Engine/Content/BufferVisualization/Metallic.uasset" 35
"../../../Engine/Content/BufferVisualization/Opacity.uasset" 36
"../../../Engine/Content/BufferVisualization/PostTonemapHDRColor.uasset" 37
"../../../Engine/Content/BufferVisualization/PreTonemapHDRColor.uasset" 38
"../../../Engine/Content/BufferVisualization/Roughness.uasset" 39
"../../../Engine/Content/BufferVisualization/SceneColor.uasset" 40
"../../../Engine/Content/BufferVisualization/SceneDepth.uasset" 41
"../../../Engine/Content/BufferVisualization/SceneDepthWorldUnits.uasset" 42
"../../../Engine/Content/BufferVisualization/SeparateTranslucencyA.uasset" 43
"../../../Engine/Content/BufferVisualization/SeparateTranslucencyRGB.uasset" 44
"../../../Engine/Content/BufferVisualization/Specular.uasset" 45
"../../../Engine/Content/BufferVisualization/SubsurfaceColor.uasset" 46
"../../../Engine/Content/BufferVisualization/Velocity.uasset" 47
"../../../Engine/Content/BufferVisualization/WorldNormal.uasset" 48
"../../../Engine/Content/BufferVisualization/WorldTangent.uasset" 49
"../../../Engine/Content/EditorBlueprintResources/ActorMacros.uasset" 50
"../../../Engine/Content/EditorLandscapeResources/DataLayer.uasset" 51
"../../../Engine/Content/EditorLandscapeResources/DefaultAlphaTexture.uasset" 52
"../../../Engine/Content/EditorLandscapeResources/LandscapeGizmoHeight_Mat.uasset" 53
"../../../Engine/Content/EditorLandscapeResources/LandscapeGizmo_Mat.uasset" 54
"../../../Engine/Content/EditorLandscapeResources/LandscapeGizmo_Mat_Copied.uasset" 55
"../../../Engine/Content/EditorLandscapeResources/SplineEditorMeshMat.uasset" 56
"../../../Engine/Content/EditorLandscapeResources/SplineEditorMesh.uasset" 57
"../../../Engine/Content/EditorMaterials/Cross.uasset" 58
"../../../Engine/Content/EditorMaterials/Cross_Mat.uasset" 59
"../../../Engine/Content/Functions/Engine_MaterialFunctions01/Texturing/ComputeMipLevel.uasset" 60
"../../../Engine/Content/Functions/Engine_MaterialFunctions02/ExampleContent/Textures/DebugNumberPeriod.uasset" 61
"../../../Engine/Content/Functions/Engine_MaterialFunctions02/ExampleContent/DebugNumberStrip.uasset" 62
"../../../Engine/Content/EngineMaterials/DefaultDiffuse.uasset" 63
"../../../Engine/Content/Functions/Engine_MaterialFunctions01/Texturing/TextureCropping.uasset" 64
"../../../Engine/Content/Functions/Engine_MaterialFunctions02/Utility/DebugScalarValues.uasset" 65
"../../../Engine/Content/Functions/Engine_MaterialFunctions02/Utility/DebugFloat2Values.uasset" 66
"../../../Engine/Content/Functions/Engine_MaterialFunctions02/ExampleContent/Textures/flipbook.uasset" 67
"../../../Engine/Content/Functions/Engine_MaterialFunctions02/Texturing/FlipBook.uasset" 68
"../../../Engine/Content/EditorResources/T_EditorHelp.uasset" 69
"../../../Engine/Content/Functions/Engine_MaterialFunctions02/Utility/Sign.uasset" 70
"../../../Engine/Content/Functions/Engine_MaterialFunctions02/Utility/Round.uasset" 71
"../../../Engine/Content/EditorMaterials/HelpActorMaterial.uasset" 72
"../../../Engine/Content/Functions/Engine_MaterialFunctions03/Procedurals/ComputeFilterWidth.uasset" 73
"../../../Engine/Content/EngineMaterials/BlendFunc_DefBlend.uasset" 74
"../../../Engine/Content/EngineMaterials/BlendFunc_DefBase.uasset" 75
"../../../Engine/Content/Functions/Engine_MaterialFunctions03/Blends/Blend_Screen.uasset" 76
"../../../Engine/Content/EditorMaterials/TilingAALineIntegral.uasset" 77
"../../../Engine/Content/EditorMaterials/TilingAALineBoxFiltered.uasset" 78
"../../../Engine/Content/EditorMaterials/TilingAAGrid.uasset" 79
"../../../Engine/Content/EditorMaterials/TilingAADots.uasset" 80
"../../../Engine/Content/EditorMaterials/CompositeARGBLayer.uasset" 81
"../../../Engine/Content/EditorMaterials/LevelGridMaterial.uasset" 82
"../../../Engine/Content/EditorResources/LevelGrid1DStripes.uasset" 83
"../../../Engine/Content/EditorMaterials/TextureGridCascaded1D.uasset" 84
"../../../Engine/Content/EditorMaterials/TextureGridCascaded2D.uasset" 85
"../../../Engine/Content/EditorMaterials/MakeCompositeARGBLayer.uasset" 86
"../../../Engine/Content/EditorMaterials/LevelGridMaterial2.uasset" 87
"../../../Engine/Content/EditorMaterials/MAT_Groups_Toggle.uasset" 88
"../../../Engine/Content/EditorMaterials/MAT_Groups_Visibility.uasset" 89
"../../../Engine/Content/EngineMaterials/Grid.uasset" 90
"../../../Engine/Content/EditorResources/TilePatine_N.uasset" 91
"../../../Engine/Content/EditorResources/TilePatine_D.uasset" 92
"../../../Engine/Content/EditorMaterials/AntialiasedGridFloor.uasset" 93
"../../../Engine/Content/EditorMaterials/PersonaFloorMat.uasset" 94
"../../../Engine/Content/EditorMaterials/PhAT_BoneSelectedMaterial.uasset" 95
"../../../Engine/Content/EditorMaterials/PhAT_ElemSelectedMaterial.uasset" 96
"../../../Engine/Content/EditorMaterials/PhAT_NoCollisionMaterial.uasset" 97
"../../../Engine/Content/EditorMaterials/PhAT_UnselectedMaterial.uasset" 98
"../../../Engine/Content/EditorMaterials/PreviewShadowIndicator.uasset" 99
"../../../Engine/Content/EditorMaterials/PreviewShadowIndicatorMaterial.uasset" 100
"../../../Engine/Content/EditorMaterials/TargetIcon.uasset" 101
"../../../Engine/Content/EditorMaterials/Tick.uasset" 102
"../../../Engine/Content/EditorMaterials/Tick_Mat.uasset" 103
"../../../Engine/Content/EditorMaterials/WidgetGridVertexColorMaterial.uasset" 104
"../../../Engine/Content/EditorMaterials/WidgetGridVertexColorMaterial_Ma.uasset" 105
"../../../Engine/Content/EditorMaterials/WidgetMaterial.uasset" 106
"../../../Engine/Content/EditorMaterials/WidgetMaterial_Current.uasset" 107
"../../../Engine/Content/EditorMaterials/WidgetMaterial_X.uasset" 108
"../../../Engine/Content/EditorMaterials/WidgetMaterial_Y.uasset" 109
"../../../Engine/Content/EditorMaterials/WidgetMaterial_Z.uasset" 110
"../../../Engine/Content/EditorMaterials/WidgetVertexColorMaterial.uasset" 111
"../../../Engine/Content/EditorMaterials/MatineeGroups/MAT_ColorTrack.uasset" 112
"../../../Engine/Content/EditorMaterials/MatineeGroups/MAT_Groups_Anim.uasset" 113
"../../../Engine/Content/EditorMaterials/MatineeGroups/MAT_Groups_AudioMaster.uasset" 114
"../../../Engine/Content/EditorMaterials/MatineeGroups/MAT_Groups_Director.uasset" 115
"../../../Engine/Content/EditorMaterials/MatineeGroups/MAT_Groups_Event.uasset" 116
"../../../Engine/Content/EditorMaterials/MatineeGroups/MAT_Groups_Fade.uasset" 117
"../../../Engine/Content/EditorMaterials/MatineeGroups/MAT_Groups_Float.uasset" 118
"../../../Engine/Content/EditorMaterials/MatineeGroups/MAT_Groups_Move.uasset" 119
"../../../Engine/Content/EditorMaterials/MatineeGroups/MAT_Groups_Slomo.uasset" 120
"../../../Engine/Content/EditorMaterials/MatineeGroups/MAT_Groups_Sound.uasset" 121
"../../../Engine/Content/EditorMaterials/MatineeGroups/MAT_Groups_Vector.uasset" 122
"../../../Engine/Content/EditorMaterials/ParticleSystems/PSysThumbnail_NoImage.uasset" 123
"../../../Engine/Content/EditorMaterials/ParticleSystems/PSysThumbnail_OOD.uasset" 124
"../../../Engine/Content/EditorMaterials/Thumbnails/FloorPlaneMaterial.uasset" 125
"../../../Engine/Content/EditorMeshes/EditorCube.uasset" 126
"../../../Engine/Content/EditorMeshes/EditorCylinder.uasset" 127
"../../../Engine/Content/EditorMeshes/EditorPlane.uasset" 128
"../../../Engine/Content/EditorMaterials/Thumbnails/SkySphereMaterial.uasset" 129
"../../../Engine/Content/EditorMeshes/EditorSkySphere.uasset" 130
"../../../Engine/Content/EditorMeshes/EditorSphere.uasset" 131
"../../../Engine/Content/EditorResources/MatineeCam_D.uasset" 132
"../../../Engine/Content/EditorMaterials/MatineeCam_mat.uasset" 133
"../../../Engine/Content/EditorMeshes/MatineeCam_SM.uasset" 134
"../../../Engine/Content/Functions/Engine_MaterialFunctions01/Shading/ConvertFromDiffSpec.uasset" 135
"../../../Engine/Content/EditorMaterials/GridMaterial.uasset" 136
"../../../Engine/Content/EditorMeshes/PhAT_FloorBox.uasset" 137
"../../../Engine/Content/EditorMeshes/PlanarReflectionPlane.uasset" 138
"../../../Engine/Content/EngineDebugMaterials/M_SimpleOpaque.uasset" 139
"../../../Engine/Content/EditorMaterials/Camera/MI_CineMat_CamViewFinder.uasset" 140
"../../../Engine/Content/EditorMaterials/Camera/CineMat.uasset" 141
"../../../Engine/Content/EditorMaterials/Camera/MI_CineMat_CameraBody.uasset" 142
"../../../Engine/Content/EditorMeshes/Camera/SM_CineCam.uasset" 143
"../../../Engine/Content/EditorMaterials/Camera/MI_CineMat_Rig.uasset" 144
"../../../Engine/Content/EditorMeshes/Camera/SM_CraneRig_Arm.uasset" 145
"../../../Engine/Content/EditorMeshes/Camera/SM_CraneRig_Base.uasset" 146
"../../../Engine/Content/EditorMeshes/Camera/SM_CraneRig_Body.uasset" 147
"../../../Engine/Content/EditorMeshes/Camera/SM_CraneRig_Mount.uasset" 148
"../../../Engine/Content/EditorMeshes/Camera/SM_RailRig_Mount.uasset" 149
"../../../Engine/Content/EditorMeshes/Camera/SM_RailRig_Track.uasset" 150
"../../../Engine/Content/EditorMeshes/ColorCalibrator/M_ChromeBall.uasset" 151
"../../../Engine/Content/EditorResources/Bad.uasset" 152
"../../../Engine/Content/EditorResources/BadBlueprintSprite.uasset" 153
"../../../Engine/Content/EditorResources/BSPVertex.uasset" 154
"../../../Engine/Content/EditorResources/EmptyActor.uasset" 155
"../../../Engine/Content/EditorResources/MatInstActSprite.uasset" 156
"../../../Engine/Content/EditorResources/SceneManager.uasset" 157
"../../../Engine/Content/EditorResources/SmallFont.uasset" 158
"../../../Engine/Content/EditorResources/S_Actor.uasset" 159
"../../../Engine/Content/EditorResources/S_CameraShakeSource.uasset" 160
"../../../Engine/Content/EditorResources/S_DecalActorIcon.uasset" 161
"../../../Engine/Content/EditorResources/S_Emitter.uasset" 162
"../../../Engine/Content/EditorResources/S_ExpoHeightFog.uasset" 163
"../../../Engine/Content/EditorResources/S_FTest.uasset" 164
"../../../Engine/Content/EditorResources/S_KBSJoint.uasset" 165
"../../../Engine/Content/EditorResources/S_KHinge.uasset" 166
"../../../Engine/Content/EditorResources/S_KPrismatic.uasset" 167
"../../../Engine/Content/EditorResources/S_LevelSequence.uasset" 168
"../../../Engine/Content/EditorResources/S_NavP.uasset" 169
"../../../Engine/Content/EditorResources/S_Note.uasset" 170
"../../../Engine/Content/EditorResources/S_Player.uasset" 171
"../../../Engine/Content/EditorResources/S_PortalActorIcon2.uasset" 172
"../../../Engine/Content/EditorResources/S_RadForce.uasset" 173
"../../../Engine/Content/EditorResources/S_ReflActorIcon.uasset" 174
"../../../Engine/Content/EditorResources/S_SkyAtmosphere.uasset" 175
"../../../Engine/Content/EditorResources/S_Solver.uasset" 176
"../../../Engine/Content/EditorResources/S_Terrain.uasset" 177
"../../../Engine/Content/EditorResources/S_TextRenderActorIcon.uasset" 178
"../../../Engine/Content/EditorResources/S_Thruster.uasset" 179
"../../../Engine/Content/EditorResources/S_Trigger.uasset" 180
"../../../Engine/Content/EditorResources/S_VectorFieldVol.uasset" 181
"../../../Engine/Content/EditorResources/S_VolumetricCloud.uasset" 182
"../../../Engine/Content/EditorResources/S_WindDirectional.uasset" 183
"../../../Engine/Content/EditorResources/AI/S_NavLink.uasset" 184
"../../../Engine/Content/EditorResources/LightIcons/SkyLight.uasset" 185
"../../../Engine/Content/EditorResources/LightIcons/S_LightDirectional.uasset" 186
"../../../Engine/Content/EditorResources/LightIcons/S_LightDirectionalMove.uasset" 187
"../../../Engine/Content/EditorResources/LightIcons/S_LightError.uasset" 188
"../../../Engine/Content/EditorResources/LightIcons/S_LightPoint.uasset" 189
"../../../Engine/Content/EditorResources/LightIcons/S_LightPointMove.uasset" 190
"../../../Engine/Content/EditorResources/LightIcons/S_LightSpot.uasset" 191
"../../../Engine/Content/EditorResources/LightIcons/S_LightSpotMove.uasset" 192
"../../../Engine/Content/EditorResources/SequenceRecorder/Countdown.uasset" 193
"../../../Engine/Content/EditorResources/SequenceRecorder/RecordingIndicator.uasset" 194
"../../../Engine/Content/EditorResources/Spline/T_Loft_Spline.uasset" 195
"../../../Engine/Content/EditorSounds/Notifications/CompileSuccess.uasset" 196
"../../../Engine/Content/EditorSounds/Notifications/CompileStart_Cue.uasset" 197
"../../../Engine/Content/EditorSounds/Notifications/CompileSuccess_Cue.uasset" 198
"../../../Engine/Content/EngineDamageTypes/DmgTypeBP_Environmental.uasset" 199
"../../../Engine/Content/EngineDebugMaterials/HeatmapGradient.uasset" 200
"../../../Engine/Content/EngineDebugMaterials/BoneWeightMaterial.uasset" 201
"../../../Engine/Content/EngineDebugMaterials/ClothMaterial.uasset" 202
"../../../Engine/Content/EngineDebugMaterials/ClothMaterial_WF.uasset" 203
"../../../Engine/Content/EngineDebugMaterials/DebugEditorMaterial.uasset" 204
"../../../Engine/Content/EngineDebugMaterials/DebugMeshMaterial.uasset" 205
"../../../Engine/Content/EngineDebugMaterials/GeomMaterial.uasset" 206
"../../../Engine/Content/EngineDebugMaterials/LevelColorationLitMaterial.uasset" 207
"../../../Engine/Content/EngineDebugMaterials/LevelColorationUnlitMaterial.uasset" 208
"../../../Engine/Content/EngineMaterials/DefaultWhiteGrid.uasset" 209
"../../../Engine/Content/EngineDebugMaterials/MAT_LevelColorationLitLightmapUV.uasset" 210
"../../../Engine/Content/EngineDebugMaterials/M_SimpleUnlitTranslucent.uasset" 211
"../../../Engine/Content/EngineDebugMaterials/VolumeToRender.uasset" 212
"../../../Engine/Content/Functions/Engine_MaterialFunctions02/Utility/CameraDirectionVector.uasset" 213
"../../../Engine/Content/EngineDebugMaterials/M_VolumeRenderSphereTracePP.uasset" 214
"../../../Engine/Content/EngineMaterials/DefaultWhiteGrid_Low.uasset" 215
"../../../Engine/Content/EngineDebugMaterials/PhysicalMaterialMaskMaterial.uasset" 216
"../../../Engine/Content/EngineDebugMaterials/ShadedLevelColorationLitMaterial.uasset" 217
"../../../Engine/Content/EngineDebugMaterials/ShadedLevelColorationUnlitMateri.uasset" 218
"../../../Engine/Content/EngineDebugMaterials/VertexColorMaterial.uasset" 219
"../../../Engine/Content/EngineDebugMaterials/VertexColorViewMode_AlphaAsColor.uasset" 220
"../../../Engine/Content/EngineDebugMaterials/VertexColorViewMode_BlueOnly.uasset" 221
"../../../Engine/Content/EngineDebugMaterials/VertexColorViewMode_ColorOnly.uasset" 222
"../../../Engine/Content/EngineDebugMaterials/VertexColorViewMode_GreenOnly.uasset" 223
"../../../Engine/Content/EngineDebugMaterials/VertexColorViewMode_RedOnly.uasset" 224
"../../../Engine/Content/EngineDebugMaterials/WireframeMaterial.uasset" 225
"../../../Engine/Content/EngineFonts/Faces/RobotoRegular.uasset" 226
"../../../Engine/Content/EngineFonts/Faces/RobotoLight.uasset" 227
"../../../Engine/Content/EngineFonts/Faces/RobotoItalic.uasset" 228
"../../../Engine/Content/EngineFonts/Faces/RobotoBoldItalic.uasset" 229
"../../../Engine/Content/EngineFonts/Faces/RobotoBold.uasset" 230
"../../../Engine/Content/EngineFonts/Faces/DroidSansFallback.uasset" 231
"../../../Engine/Content/EngineFonts/Roboto.uasset" 232
"../../../Engine/Content/EngineFonts/Faces/RobotoTiny.uasset" 233
"../../../Engine/Content/EngineFonts/RobotoTiny.uasset" 234
"../../../Engine/Content/EngineFonts/SmallFont.uasset" 235
"../../../Engine/Content/EngineFonts/TinyFont.uasset" 236
"../../../Engine/Content/EngineMaterials/BaseFlattenNormalMap.uasset" 237
"../../../Engine/Content/EngineMaterials/BaseFlattenGrayscaleMap.uasset" 238
"../../../Engine/Content/EngineMaterials/BaseFlattenEmissiveMap.uasset" 239
"../../../Engine/Content/EngineMaterials/BaseFlattenDiffuseMap.uasset" 240
"../../../Engine/Content/EngineMaterials/BaseFlattenMaterial.uasset" 241
"../../../Engine/Content/EngineResources/WhiteSquareTexture.uasset" 242
"../../../Engine/Content/EngineMaterials/BlinkingCaret.uasset" 243
"../../../Engine/Content/EngineMaterials/BlueNoise.uasset" 244
"../../../Engine/Content/EngineMaterials/DefaultBloomKernel.uasset" 245
"../../../Engine/Content/EngineMaterials/DefaultBokeh.uasset" 246
"../../../Engine/Content/EngineMaterials/DefaultDeferredDecalMaterial.uasset" 247
"../../../Engine/Content/EngineMaterials/DefaultLightFunctionMaterial.uasset" 248
"../../../Engine/Content/EngineMaterials/DefaultNormal.uasset" 249
"../../../Engine/Content/EngineMaterials/DefaultPostProcessMaterial.uasset" 250
"../../../Engine/Content/EngineFonts/RobotoDistanceField.uasset" 251
"../../../Engine/Content/EngineMaterials/DefaultTextMaterialOpaque.uasset" 252
"../../../Engine/Content/EngineMaterials/EditorBrushMaterial.uasset" 253
"../../../Engine/Content/EngineMaterials/EmissiveMeshMaterial.uasset" 254
"../../../Engine/Content/EngineMaterials/GizmoMaterial.uasset" 255
"../../../Engine/Content/EngineMaterials/Good64x64TilingNoiseHighFreq.uasset" 256
"../../../Engine/Content/EngineMaterials/Grid_N.uasset" 257
"../../../Engine/Content/EngineMaterials/HighResolutionScreenshotMaskFunction.uasset" 258
"../../../Engine/Content/EngineMaterials/HighResScreenshot.uasset" 259
"../../../Engine/Content/EngineMaterials/HighResScreenshotCaptureRegion.uasset" 260
"../../../Engine/Content/EngineMaterials/HighResScreenshotMask.uasset" 261
"../../../Engine/Content/EngineMaterials/LandscapeHolePhysicalMaterial.uasset" 262
"../../../Engine/Content/EngineMaterials/InvalidLightmapSettings.uasset" 263
"../../../Engine/Content/EngineMaterials/M_InvalidLightmapSettings.uasset" 264
"../../../Engine/Content/EngineMaterials/PaperDiffuse.uasset" 265
"../../../Engine/Content/EngineMaterials/PaperNormal.uasset" 266
"../../../Engine/Content/Functions/Engine_MaterialFunctions02/WorldPositionOffset/CameraOffset.uasset" 267
"../../../Engine/Content/EngineMaterials/PhAT_JointLimitMaterial.uasset" 268
"../../../Engine/Content/EngineMaterials/PhysMat_Rubber.uasset" 269
"../../../Engine/Content/EngineMaterials/PreintegratedSkinBRDF.uasset" 270
"../../../Engine/Content/EngineMaterials/RemoveSurfaceMaterial.uasset" 271
"../../../Engine/Content/EngineMaterials/WeightMapPlaceholderTexture.uasset" 272
"../../../Engine/Content/Functions/Engine_MaterialFunctions02/Utility/BreakOutFloat3Components.uasset" 273
"../../../Engine/Content/Functions/Engine_MaterialFunctions01/ImageAdjustment/sRGBToLinear.uasset" 274
"../../../Engine/Content/EngineMaterials/Widget3DCameraPassThrough_Opaque_OneSided.uasset" 275
"../../../Engine/Content/EngineMaterials/Widget3DPassThrough.uasset" 276
"../../../Engine/Content/EngineMaterials/Widget3DPassThrough_Masked.uasset" 277
"../../../Engine/Content/EngineMaterials/Widget3DPassThrough_Opaque.uasset" 278
"../../../Engine/Content/EngineMaterials/Widget3DPassThrough_Masked_OneSided.uasset" 279
"../../../Engine/Content/EngineMaterials/Widget3DPassThrough_Opaque_OneSided.uasset" 280
"../../../Engine/Content/EngineMaterials/Widget3DPassThrough_Translucent.uasset" 281
"../../../Engine/Content/EngineMaterials/Widget3DPassThrough_Translucent_OneSided.uasset" 282
"../../../Engine/Content/EngineMeshes/Cylinder.uasset" 283
"../../../Engine/Content/EngineMeshes/Sphere.uasset" 284
"../../../Engine/Content/EngineResources/Black.uasset" 285
"../../../Engine/Content/EngineResources/DefaultTextureCube.uasset" 286
"../../../Engine/Content/EngineResources/DefaultVolumeTexture2D.uasset" 287
"../../../Engine/Content/EngineResources/DefaultVolumeTexture.uasset" 288
"../../../Engine/Content/EngineResources/GradientTexture0.uasset" 289
"../../../Engine/Content/EngineResources/StreamingPauseIcon.uasset" 290
"../../../Engine/Content/EngineResources/M_StreamingPause.uasset" 291
"../../../Engine/Content/EngineSky/VolumetricClouds/CloudGradientTexture.uasset" 292
"../../../Engine/Content/EngineSky/VolumetricClouds/T_NoiseShape64.uasset" 293
"../../../Engine/Content/EngineSky/VolumetricClouds/T_VolumeNoiseShape64.uasset" 294
"../../../Engine/Content/EngineSky/VolumetricClouds/T_NoiseErosion.uasset" 295
"../../../Engine/Content/EngineSky/VolumetricClouds/T_VolumeNoiseErosion32.uasset" 296
"../../../Engine/Content/EngineSky/VolumetricClouds/CloudWeatherTexture.uasset" 297
"../../../Engine/Content/EngineSky/VolumetricClouds/m_SimpleVolumetricCloud.uasset" 298
"../../../Engine/Content/EngineSky/VolumetricClouds/m_SimpleVolumetricCloud_Inst.uasset" 299
"../../../Engine/Content/EngineSounds/Master.uasset" 300
"../../../Engine/Content/Functions/Engine_MaterialFunctions01/Shading/PowerToRoughness.uasset" 301
"../../../Engine/Content/Maps/Templates/Thumbnails/Default.uasset" 302
"../../../Engine/Content/Maps/Templates/Thumbnails/TimeOfDay.uasset" 303
"../../../Engine/Content/Maps/Templates/Thumbnails/VR-Basic.uasset" 304
"../../../Engine/Content/MapTemplates/Sky/DaylightAmbientCubemap.uasset" 305
"../../../Engine/Content/MobileResources/T_MobileControls_texture.uasset" 306
"../../../Engine/Content/MobileResources/T_MobileMenu2.uasset" 307
"../../../Engine/Content/MobileResources/HUD/AnalogHat.uasset" 308
"../../../Engine/Content/MobileResources/HUD/VirtualJoystick_Thumb.uasset" 309
"../../../Engine/Content/MobileResources/HUD/VirtualJoystick_Background.uasset" 310
"../../../Engine/Content/MobileResources/HUD/DefaultVirtualJoysticks.uasset" 311
"../../../Engine/Content/MobileResources/HUD/LeftVirtualJoystickOnly.uasset" 312
"../../../Engine/Content/MobileResources/HUD/MobileHUDButton1_off.uasset" 313
"../../../Engine/Content/MobileResources/HUD/MobileHUDButton1_on.uasset" 314
"../../../Engine/Content/MobileResources/HUD/MobileHUDButton2_off.uasset" 315
"../../../Engine/Content/MobileResources/HUD/MobileHUDButton2_on.uasset" 316
"../../../Engine/Content/MobileResources/HUD/MobileHUDButton3.uasset" 317
"../../../Engine/Content/MobileResources/HUD/MobileHUDButtonFire.uasset" 318
"../../../Engine/Content/MobileResources/HUD/MobileHUDDirectionPad.uasset" 319
"../../../Engine/Content/MobileResources/HUD/MobileHUDDirectionPad2.uasset" 320
"../../../Engine/Content/MobileResources/HUD/MobileHUDDirectionPad3.uasset" 321
"../../../Engine/Content/MobileResources/HUD/MobileHUDDirectionStick.uasset" 322
"../../../Engine/Content/MobileResources/HUD/T_Castle_ThumbstickInner.uasset" 323
"../../../Engine/Content/MobileResources/HUD/T_Castle_ThumbstickOutter.uasset" 324
"../../../Engine/Content/Tutorial/ContentIntroCurve.uasset" 325
"../../../Engine/Content/Tutorial/Basics/LevelEditorAttract.uasset" 326
"../../../Engine/Content/Tutorial/Basics/TutorialAssets/icon_tab_Levels_40x.uasset" 327
"../../../Engine/Content/Tutorial/Basics/LevelEditorOverview.uasset" 328
"../../../Engine/Content/Tutorial/BlueprintTutorials/TutorialAssets/Blueprint_64x.uasset" 329
"../../../Engine/Content/Tutorial/BlueprintTutorials/BlueprintEditorTutorial.uasset" 330
"../../../Engine/Content/Tutorial/BlueprintTutorials/LevelBlueprintEditorOverview.uasset" 331
"../../../Engine/Content/Tutorial/BlueprintTutorials/TutorialAssets/Tutorial_BP_MacroLib.uasset" 332
"../../../Engine/Content/VREditor/TransformGizmo/TranslucentTransformGizmoMaterial.uasset" 333
"../../../Engine/Content/VREditor/LaserPointer/VR_LaserPower_01.uasset" 334
"../../../Engine/Content/VREditor/TransformGizmo/TransformGizmoMaterial.uasset" 335
"../../../Engine/Content/VREditor/TransformGizmo/BoundingBoxCorner.uasset" 336
"../../../Engine/Content/VREditor/TransformGizmo/BoundingBoxEdge.uasset" 337
"../../../Engine/Content/VREditor/TransformGizmo/PlaneTranslationHandle.uasset" 338
"../../../Engine/Content/VREditor/TransformGizmo/Xray.uasset" 339
"../../../Engine/Content/VREditor/TransformGizmo/Main.uasset" 340
"../../../Engine/Content/VREditor/TransformGizmo/SM_Sequencer_Key.uasset" 341
"../../../Engine/Content/VREditor/TransformGizmo/SM_Sequencer_Node.uasset" 342
"../../../../../AlgoRacineF2/Unreal/Switch/ProjetJeuSwitch/tankMania_Switch/Content/Sqc_rail.uasset" 343
"../../../../../AlgoRacineF2/Unreal/Switch/ProjetJeuSwitch/tankMania_Switch/Content/Blueprints/HUD/BP_Menu.uasset" 344
"../../../../../AlgoRacineF2/Unreal/Switch/ProjetJeuSwitch/tankMania_Switch/Content/Cinematics/Sequences/Sequence/shots/shot0050/shot0050_01.uasset" 345
"../../../../../AlgoRacineF2/Unreal/Switch/ProjetJeuSwitch/tankMania_Switch/Content/Cinematics/Sequences/Sequence/shots/shot0040/shot0040_01.uasset" 346
"../../../../../AlgoRacineF2/Unreal/Switch/ProjetJeuSwitch/tankMania_Switch/Content/Cinematics/Sequences/Sequence/shots/shot0030/shot0030_01.uasset" 347
"../../../../../AlgoRacineF2/Unreal/Switch/ProjetJeuSwitch/tankMania_Switch/Content/Cinematics/Sequences/Sequence/shots/shot0020/shot0020_01.uasset" 348
"../../../../../AlgoRacineF2/Unreal/Switch/ProjetJeuSwitch/tankMania_Switch/Content/Cinematics/Sequences/Sequence/shots/shot0010/shot0010_01.uasset" 349
"../../../../../AlgoRacineF2/Unreal/Switch/ProjetJeuSwitch/tankMania_Switch/Content/Cinematics/Sequences/Sequence/SequenceMaster.uasset" 350
"../../Plugins/2D/Paper2D/Content/PlaceholderTextures/DummySpriteTexture.uasset" 351
"../../Plugins/2D/Paper2D/Content/DummySprite.uasset" 352
"../../Plugins/2D/Paper2D/Content/DefaultPaperTerrainMaterial.uasset" 353
"../../Plugins/2D/Paper2D/Content/DefaultSpriteMaterial.uasset" 354
"../../Plugins/2D/Paper2D/Content/MaskedUnlitSpriteMaterial.uasset" 355
"../../Plugins/2D/Paper2D/Content/OpaqueUnlitSpriteMaterial.uasset" 356
"../../Plugins/FX/Niagara/Content/Enums/ENiagaraAnimTrailWidthMode.uasset" 357
"../../Plugins/FX/Niagara/Content/Enums/ENiagaraArraySamplingMode.uasset" 358
"../../Plugins/FX/Niagara/Content/Enums/ENiagaraBoneSamplingMode.uasset" 359
"../../Plugins/FX/Niagara/Content/Enums/ENiagaraBoneSocketSamplingMode.uasset" 360
"../../Plugins/FX/Niagara/Content/Enums/ENiagaraBooleanLogicOps.uasset" 361
"../../Plugins/FX/Niagara/Content/Enums/ENiagaraBooleanLogicOps_v2.uasset" 362
"../../Plugins/FX/Niagara/Content/Enums/ENiagaraCalculateRadiusOptions.uasset" 363
"../../Plugins/FX/Niagara/Content/Enums/ENiagaraChannelCorrelation.uasset" 364
"../../Plugins/FX/Niagara/Content/Enums/ENiagaraCollisionRadiusOptions.uasset" 365
"../../Plugins/FX/Niagara/Content/Enums/ENiagaraCoordinateSpace.uasset" 366
"../../Plugins/FX/Niagara/Content/Enums/ENiagaraCurlNoiseQuality.uasset" 367
"../../Plugins/FX/Niagara/Content/Enums/ENiagaraEmitterLifeCycleMode.uasset" 368
"../../Plugins/FX/Niagara/Content/Enums/ENiagaraEmitterScalabilityMode.uasset" 369
"../../Plugins/FX/Niagara/Content/Enums/ENiagaraEmitterScalabilityMode_Limited.uasset" 370
"../../Plugins/FX/Niagara/Content/Enums/ENiagaraExecutionStateManagement.uasset" 371
"../../Plugins/FX/Niagara/Content/Enums/ENiagaraExpansionMode.uasset" 372
"../../Plugins/FX/Niagara/Content/Enums/ENiagaraFrictionMergeType.uasset" 373
"../../Plugins/FX/Niagara/Content/Enums/ENiagaraGPUDepthResponseType.uasset" 374
"../../Plugins/FX/Niagara/Content/Enums/ENiagaraGridPlacementType.uasset" 375
"../../Plugins/FX/Niagara/Content/Enums/ENiagaraInactiveMode.uasset" 376
"../../Plugins/FX/Niagara/Content/Enums/ENiagaraKillVolumeOptions.uasset" 377
"../../Plugins/FX/Niagara/Content/Enums/ENiagaraLinearColor_Channels.uasset" 378
"../../Plugins/FX/Niagara/Content/Enums/ENiagaraMassByVolume.uasset" 379
"../../Plugins/FX/Niagara/Content/Enums/ENiagaraMassCalculationForRendererTypes.uasset" 380
"../../Plugins/FX/Niagara/Content/Enums/ENiagaraMeshOrSprite.uasset" 381
"../../Plugins/FX/Niagara/Content/Enums/ENiagaraMeshSamplingMode.uasset" 382
"../../Plugins/FX/Niagara/Content/Enums/ENiagaraMeshSurfaceSamplingMode.uasset" 383
"../../Plugins/FX/Niagara/Content/Enums/ENiagaraMeshTransforms.uasset" 384
"../../Plugins/FX/Niagara/Content/Enums/ENiagaraMinOrMax.uasset" 385
"../../Plugins/FX/Niagara/Content/Enums/ENiagaraNumericVariableTypes.uasset" 386
"../../Plugins/FX/Niagara/Content/Enums/ENiagaraOrientationAxis.uasset" 387
"../../Plugins/FX/Niagara/Content/Enums/ENiagaraQuaternionDerivationTechnique.uasset" 388
"../../Plugins/FX/Niagara/Content/Enums/ENiagaraRandomnessEvaluation.uasset" 389
"../../Plugins/FX/Niagara/Content/Enums/ENiagaraRandomnessMode.uasset" 390
"../../Plugins/FX/Niagara/Content/Enums/ENiagaraRestitutionMergeType.uasset" 391
"../../Plugins/FX/Niagara/Content/Enums/ENiagaraScaleColorMode.uasset" 392
"../../Plugins/FX/Niagara/Content/Enums/ENiagaraSimulationTarget.uasset" 393
"../../Plugins/FX/Niagara/Content/Enums/ENiagaraSkeletalSpawning.uasset" 394
"../../Plugins/FX/Niagara/Content/Enums/ENiagaraSkelSamplingFilteringMode.uasset" 395
"../../Plugins/FX/Niagara/Content/Enums/ENiagaraSkelSamplingModeFull.uasset" 396
"../../Plugins/FX/Niagara/Content/Enums/ENiagaraSocketSamplingMode.uasset" 397
"../../Plugins/FX/Niagara/Content/Enums/ENiagaraSphereDistributionMode.uasset" 398
"../../Plugins/FX/Niagara/Content/Enums/ENiagaraSUbUVAnimationMode.uasset" 399
"../../Plugins/FX/Niagara/Content/Enums/ENiagaraSystemInactiveMode.uasset" 400
"../../Plugins/FX/Niagara/Content/Enums/ENiagaraTorusDistributionMode.uasset" 401
"../../Plugins/FX/Niagara/Content/Enums/ENiagaraTorusMode.uasset" 402
"../../Plugins/FX/Niagara/Content/Enums/ENiagaraTriangleSamplingMode.uasset" 403
"../../Plugins/FX/Niagara/Content/Enums/ENiagaraVector2_Channels.uasset" 404
"../../Plugins/FX/Niagara/Content/Enums/ENiagaraVector3_Channels.uasset" 405
"../../Plugins/FX/Niagara/Content/Enums/ENiagaraVector4_Channels.uasset" 406
"../../Plugins/FX/Niagara/Content/Enums/ENiagaraVertexFilteringMode.uasset" 407
"../../Plugins/FX/Niagara/Content/Enums/ENiagaraVertexSamplingMode.uasset" 408
"../../Plugins/FX/Niagara/Content/Enums/ENiagara_AudioParamType.uasset" 409
"../../Plugins/FX/Niagara/Content/Enums/ENiagara_BankOnTurns.uasset" 410
"../../Plugins/FX/Niagara/Content/Enums/ENiagara_CameraMeshOrientation.uasset" 411
"../../Plugins/FX/Niagara/Content/Enums/ENiagara_CameraProperties.uasset" 412
"../../Plugins/FX/Niagara/Content/Enums/ENiagara_CollisionType.uasset" 413
"../../Plugins/FX/Niagara/Content/Enums/ENiagara_ColorInitializationMode.uasset" 414
"../../Plugins/FX/Niagara/Content/Enums/ENiagara_CPUCollisionType.uasset" 415
"../../Plugins/FX/Niagara/Content/Enums/ENiagara_DirectReadApplicationMode.uasset" 416
"../../Plugins/FX/Niagara/Content/Enums/ENiagara_DirectReadParticleIDSampling.uasset" 417
"../../Plugins/FX/Niagara/Content/Enums/ENiagara_DirectReadSamplingMode.uasset" 418
"../../Plugins/FX/Niagara/Content/Enums/ENiagara_EmitterLocSamplingMode.uasset" 419
"../../Plugins/FX/Niagara/Content/Enums/ENiagara_EmitterStateOptions.uasset" 420
"../../Plugins/FX/Niagara/Content/Enums/ENiagara_FadeOperationType.uasset" 421
"../../Plugins/FX/Niagara/Content/Enums/ENiagara_Float4Channel.uasset" 422
"../../Plugins/FX/Niagara/Content/Enums/ENiagara_GPUCollisionType.uasset" 423
"../../Plugins/FX/Niagara/Content/Enums/ENiagara_IDAttributes.uasset" 424
"../../Plugins/FX/Niagara/Content/Enums/ENiagara_InfiniteLoopDuration.uasset" 425
"../../Plugins/FX/Niagara/Content/Enums/ENiagara_LifetimeInheritanceOptions.uasset" 426
"../../Plugins/FX/Niagara/Content/Enums/ENiagara_LifetimeMode.uasset" 427
"../../Plugins/FX/Niagara/Content/Enums/ENiagara_MassInitializationMode.uasset" 428
"../../Plugins/FX/Niagara/Content/Enums/ENiagara_MultipleLerpCount.uasset" 429
"../../Plugins/FX/Niagara/Content/Enums/ENiagara_PositionInitializationMode.uasset" 430
"../../Plugins/FX/Niagara/Content/Enums/ENiagara_RotationDefinitionApproach.uasset" 431
"../../Plugins/FX/Niagara/Content/Enums/ENiagara_SizeScaleMode.uasset" 432
"../../Plugins/FX/Niagara/Content/Enums/ENiagara_SpawnBurstMode.uasset" 433
"../../Plugins/FX/Niagara/Content/Enums/ENiagara_SpriteRotationMode.uasset" 434
"../../Plugins/FX/Niagara/Content/Enums/ENiagara_SubUVLookupMode.uasset" 435
"../../Plugins/FX/Niagara/Content/Enums/ENiagara_TransformBaseOptions.uasset" 436
"../../Plugins/FX/Niagara/Content/Enums/ENiagara_TransformMode.uasset" 437
"../../Plugins/FX/Niagara/Content/Enums/ENiagara_TransformOrientationMode.uasset" 438
"../../Plugins/FX/Niagara/Content/Enums/ENiagara_UVFlippingMode.uasset" 439
"../../Plugins/FX/Niagara/Content/Enums/Niagara_Units.uasset" 440
"../../Plugins/FX/Niagara/Content/Enums/CascadeConversion/ECascadeNiagaraOrbitChainMode.uasset" 441
"../../Plugins/FX/Niagara/Content/Enums/CascadeConversion/ECascadeNiagaraTwoVectorChannels.uasset" 442
"../../Plugins/FX/Niagara/Content/Icons/S_ParticleSystem.uasset" 443
"../../../Engine/Content/BasicShapes/Cylinder.uasset" 444
"../../../Engine/Content/ArtTools/RenderToTexture/Materials/Debug/M_Emissive_Color.uasset" 445
"../../Plugins/Lumin/MagicLeapPassableWorld/Content/MagicLeapARPinInfoActor.uasset" 446
"../../Plugins/Editor/SpeedTreeImporter/Content/SpeedTree9/UnpackInteger3.uasset" 447
"../../Plugins/Editor/SpeedTreeImporter/Content/SpeedTree9/UnpackDirection.uasset" 448
"../../Plugins/Editor/SpeedTreeImporter/Content/SpeedTree9/game_wind_noise.uasset" 449
"../../../Engine/Content/Functions/Engine_MaterialFunctions02/SafeNormalize.uasset" 450
"../../Plugins/Editor/SpeedTreeImporter/Content/SpeedTree9/SpeedTreeWindMotion.uasset" 451
"../../Plugins/Editor/SpeedTreeImporter/Content/SpeedTree9/SpeedTreeBranchMotion.uasset" 452
"../../../Engine/Content/Functions/Engine_MaterialFunctions02/ObjectLocalBounds.uasset" 453
"../../../Engine/Content/Functions/Engine_MaterialFunctions02/UVs/BoundingBoxBased_0-1_UVW.uasset" 454
"../../Plugins/Editor/SpeedTreeImporter/Content/SpeedTree9/SpeedTreeWind.uasset" 455
"../../Plugins/Editor/SpeedTreeImporter/Content/SpeedTree9/SpeedTreeBillboard.uasset" 456
"../../../Engine/Content/EngineResources/DefaultTexture.uasset" 457
"../../Plugins/Editor/SpeedTreeImporter/Content/SpeedTree9/SpeedTreeBillboardMaster.uasset" 458
"../../Plugins/Editor/SpeedTreeImporter/Content/SpeedTree9/SpeedTreeCameraFacing.uasset" 459
"../../Plugins/Editor/SpeedTreeImporter/Content/SpeedTree9/SpeedTreeMaster.uasset" 460
"../../../Engine/Content/Functions/Engine_MaterialFunctions02/Utility/BreakOutFloat4Components.uasset" 461
"../../Plugins/Runtime/Oculus/OculusVR/Content/Materials/OculusMR_ChromaKey.uasset" 462
"../../Plugins/Runtime/Oculus/OculusVR/Content/Materials/OculusMR_OpaqueColoredMaterial.uasset" 463
"../../Plugins/Runtime/Oculus/OculusVR/Content/Materials/PokeAHoleMaterial.uasset" 464
"../../../Engine/Content/Maps/Entry_BuiltData.uasset" 465
"../../../Engine/Content/Maps/Entry.umap" 466
"../../../../../AlgoRacineF2/Unreal/Switch/ProjetJeuSwitch/tankMania_Switch/Content/Blueprints/Gameinstance/GameInstance_Player.uasset" 467
"../../../../../AlgoRacineF2/Unreal/Switch/ProjetJeuSwitch/tankMania_Switch/Content/Blueprints/HUD/BP_Score.uasset" 468
"../../../../../AlgoRacineF2/Unreal/Switch/ProjetJeuSwitch/tankMania_Switch/Content/Map/EndLevel.umap" 469
"../../../../../AlgoRacineF2/Unreal/Switch/ProjetJeuSwitch/tankMania_Switch/Content/LPGenericPropsSet02/Textures/Generic/T_Gray.uasset" 470
"../../../../../AlgoRacineF2/Unreal/Switch/ProjetJeuSwitch/tankMania_Switch/Content/LPGenericPropsSet02/Textures/Generic/T_FlatNormal.uasset" 471
"../../../Engine/Content/Functions/Engine_MaterialFunctions02/Texturing/CustomRotator.uasset" 472
"../../../../../AlgoRacineF2/Unreal/Switch/ProjetJeuSwitch/tankMania_Switch/Content/LPGenericPropsSet02/Materials/Generic/M_Generic.uasset" 473
"../../../../../AlgoRacineF2/Unreal/Switch/ProjetJeuSwitch/tankMania_Switch/Content/LPGenericPropsSet02/Materials/Chrome/MI_ChromeSet07.uasset" 474
"../../../../../AlgoRacineF2/Unreal/Switch/ProjetJeuSwitch/tankMania_Switch/Content/LPGenericPropsSet02/Meshes/StreetEquipment/Trash/SM_TrashSet01Cover.uasset" 475
"../../../../../AlgoRacineF2/Unreal/Switch/ProjetJeuSwitch/tankMania_Switch/Content/LPGenericPropsSet02/Meshes/StreetEquipment/Trash/SM_TrashSet01Base.uasset" 476
"../../../../../AlgoRacineF2/Unreal/Switch/ProjetJeuSwitch/tankMania_Switch/Content/LPGenericPropsSet02/Materials/Plastic/MI_PlasticSet04.uasset" 477
"../../../../../AlgoRacineF2/Unreal/Switch/ProjetJeuSwitch/tankMania_Switch/Content/LPGenericPropsSet02/Meshes/SportEquipment/Dumbbell/SM_DumbbellSet01.uasset" 478
"../../../../../AlgoRacineF2/Unreal/Switch/ProjetJeuSwitch/tankMania_Switch/Content/LPGenericPropsSet02/Materials/Paper/MI_PaperSet04.uasset" 479
"../../../../../AlgoRacineF2/Unreal/Switch/ProjetJeuSwitch/tankMania_Switch/Content/LPGenericPropsSet02/Materials/Paper/MI_PaperSet03.uasset" 480
"../../../../../AlgoRacineF2/Unreal/Switch/ProjetJeuSwitch/tankMania_Switch/Content/LPGenericPropsSet02/Materials/Paper/MI_PaperSet01.uasset" 481
"../../../../../AlgoRacineF2/Unreal/Switch/ProjetJeuSwitch/tankMania_Switch/Content/LPGenericPropsSet02/Meshes/OfficeEquipment/Folders/SM_FolderSet07.uasset" 482
"../../../../../AlgoRacineF2/Unreal/Switch/ProjetJeuSwitch/tankMania_Switch/Content/LPGenericPropsSet02/Materials/Paper/MI_PaperSet05.uasset" 483
"../../../../../AlgoRacineF2/Unreal/Switch/ProjetJeuSwitch/tankMania_Switch/Content/LPGenericPropsSet02/Meshes/OfficeEquipment/Folders/SM_FolderSet02.uasset" 484
"../../../../../AlgoRacineF2/Unreal/Switch/ProjetJeuSwitch/tankMania_Switch/Content/LPGenericPropsSet02/Materials/Plastic/MI_PlasticSet01.uasset" 485
"../../../../../AlgoRacineF2/Unreal/Switch/ProjetJeuSwitch/tankMania_Switch/Content/LPGenericPropsSet02/Meshes/HouseEquipment/ToiletSuite/SM_ToiletSuiteSet01Cover.uasset" 486
"../../../../../AlgoRacineF2/Unreal/Switch/ProjetJeuSwitch/tankMania_Switch/Content/LPGenericPropsSet02/Meshes/HouseEquipment/Teapot/SM_TeapotSet01Cover.uasset" 487
"../../../../../AlgoRacineF2/Unreal/Switch/ProjetJeuSwitch/tankMania_Switch/Content/LPGenericPropsSet02/Meshes/HouseEquipment/Teapot/SM_TeapotSet01Base.uasset" 488
"../../../../../AlgoRacineF2/Unreal/Switch/ProjetJeuSwitch/tankMania_Switch/Content/LPGenericPropsSet02/Textures/Wood/T_WoodSet02_Normal.uasset" 489
"../../../../../AlgoRacineF2/Unreal/Switch/ProjetJeuSwitch/tankMania_Switch/Content/LPGenericPropsSet02/Materials/Wood/MI_WoodSet07.uasset" 490
"../../../../../AlgoRacineF2/Unreal/Switch/ProjetJeuSwitch/tankMania_Switch/Content/LPGenericPropsSet02/Materials/Chrome/MI_ChromeSet05.uasset" 491
"../../../../../AlgoRacineF2/Unreal/Switch/ProjetJeuSwitch/tankMania_Switch/Content/LPGenericPropsSet02/Materials/Chrome/MI_ChromeSet01.uasset" 492
"../../../../../AlgoRacineF2/Unreal/Switch/ProjetJeuSwitch/tankMania_Switch/Content/LPGenericPropsSet02/Meshes/HouseEquipment/Table/SM_TableSet05.uasset" 493
"../../../../../AlgoRacineF2/Unreal/Switch/ProjetJeuSwitch/tankMania_Switch/Content/LPGenericPropsSet02/Meshes/HouseEquipment/Table/SM_TableSet04Cover.uasset" 494
"../../../../../AlgoRacineF2/Unreal/Switch/ProjetJeuSwitch/tankMania_Switch/Content/LPGenericPropsSet02/Meshes/HouseEquipment/Table/SM_TableSet04Base.uasset" 495
"../../../../../AlgoRacineF2/Unreal/Switch/ProjetJeuSwitch/tankMania_Switch/Content/LPGenericPropsSet02/Materials/Wood/MI_WoodSet01.uasset" 496
"../../../../../AlgoRacineF2/Unreal/Switch/ProjetJeuSwitch/tankMania_Switch/Content/LPGenericPropsSet02/Meshes/HouseEquipment/Table/SM_TableSet01.uasset" 497
"../../../../../AlgoRacineF2/Unreal/Switch/ProjetJeuSwitch/tankMania_Switch/Content/LPGenericPropsSet02/Materials/Chrome/MI_ChromeSet04.uasset" 498
"../../../../../AlgoRacineF2/Unreal/Switch/ProjetJeuSwitch/tankMania_Switch/Content/LPGenericPropsSet02/Meshes/HouseEquipment/Shelf/SM_ShelfSet11.uasset" 499
"../../../../../AlgoRacineF2/Unreal/Switch/ProjetJeuSwitch/tankMania_Switch/Content/LPGenericPropsSet02/Meshes/HouseEquipment/Shelf/SM_ShelfSet10.uasset" 500
"../../../../../AlgoRacineF2/Unreal/Switch/ProjetJeuSwitch/tankMania_Switch/Content/LPGenericPropsSet02/Meshes/HouseEquipment/Shelf/SM_ShelfSet07.uasset" 501
"../../../../../AlgoRacineF2/Unreal/Switch/ProjetJeuSwitch/tankMania_Switch/Content/LPGenericPropsSet02/Meshes/HouseEquipment/Shelf/SM_ShelfSet06.uasset" 502
"../../../../../AlgoRacineF2/Unreal/Switch/ProjetJeuSwitch/tankMania_Switch/Content/LPGenericPropsSet02/Textures/Picture/T_PictureSet01_Diffuse.uasset" 503
"../../../../../AlgoRacineF2/Unreal/Switch/ProjetJeuSwitch/tankMania_Switch/Content/LPGenericPropsSet02/Materials/Picture/MI_PictureSet03.uasset" 504
"../../../../../AlgoRacineF2/Unreal/Switch/ProjetJeuSwitch/tankMania_Switch/Content/LPGenericPropsSet02/Meshes/HouseEquipment/Pictureframe/SM_PictureframeSet03.uasset" 505
"../../../../../AlgoRacineF2/Unreal/Switch/ProjetJeuSwitch/tankMania_Switch/Content/LPGenericPropsSet02/Materials/Lights/MI_LightsSet01.uasset" 506
"../../../../../AlgoRacineF2/Unreal/Switch/ProjetJeuSwitch/tankMania_Switch/Content/LPGenericPropsSet02/Meshes/HouseEquipment/Fluorescent/SM_FluorescentSet01.uasset" 507
"../../../../../AlgoRacineF2/Unreal/Switch/ProjetJeuSwitch/tankMania_Switch/Content/LPGenericPropsSet02/Materials/Plastic/MI_PlasticSet09.uasset" 508
"../../../../../AlgoRacineF2/Unreal/Switch/ProjetJeuSwitch/tankMania_Switch/Content/LPGenericPropsSet02/Materials/Plastic/MI_PlasticSet03.uasset" 509
"../../../../../AlgoRacineF2/Unreal/Switch/ProjetJeuSwitch/tankMania_Switch/Content/LPGenericPropsSet02/Meshes/HouseEquipment/Chair/SM_ChairSet06.uasset" 510
"../../../../../AlgoRacineF2/Unreal/Switch/ProjetJeuSwitch/tankMania_Switch/Content/Music/density-time-maze-no-copyright-8-bit-music.uasset" 511
"../../../../../AlgoRacineF2/Unreal/Switch/ProjetJeuSwitch/tankMania_Switch/Content/Music/BackgroundMusic.uasset" 512
"../../../../../AlgoRacineF2/Unreal/Switch/ProjetJeuSwitch/tankMania_Switch/Content/Map/Test_BuiltData.uasset" 513
"../../../../../AlgoRacineF2/Unreal/Switch/ProjetJeuSwitch/tankMania_Switch/Content/LPGenericPropsSet02/Materials/Paper/MI_PaperSet08.uasset" 514
"../../../../../AlgoRacineF2/Unreal/Switch/ProjetJeuSwitch/tankMania_Switch/Content/LPGenericPropsSet02/Meshes/HouseEquipment/Books/SM_BooksSet10.uasset" 515
"../../../../../AlgoRacineF2/Unreal/Switch/ProjetJeuSwitch/tankMania_Switch/Content/LPGenericPropsSet02/Meshes/HouseEquipment/Books/SM_BooksSet09.uasset" 516
"../../../../../AlgoRacineF2/Unreal/Switch/ProjetJeuSwitch/tankMania_Switch/Content/LPGenericPropsSet02/Materials/Fabric/MI_FabricSet02.uasset" 517
"../../../../../AlgoRacineF2/Unreal/Switch/ProjetJeuSwitch/tankMania_Switch/Content/LPGenericPropsSet02/Meshes/HouseEquipment/Beds/SM_BedSet03Fabric.uasset" 518
"../../../../../AlgoRacineF2/Unreal/Switch/ProjetJeuSwitch/tankMania_Switch/Content/LPGenericPropsSet02/Meshes/HouseEquipment/Beds/SM_BedSet02Wood.uasset" 519
"../../../../../AlgoRacineF2/Unreal/Switch/ProjetJeuSwitch/tankMania_Switch/Content/LPGenericPropsSet02/Materials/Fabric/MI_FabricSet01.uasset" 520
"../../../../../AlgoRacineF2/Unreal/Switch/ProjetJeuSwitch/tankMania_Switch/Content/LPGenericPropsSet02/Meshes/HouseEquipment/Beds/SM_BedSet02Pillow.uasset" 521
"../../../../../AlgoRacineF2/Unreal/Switch/ProjetJeuSwitch/tankMania_Switch/Content/LPGenericPropsSet02/Meshes/HouseEquipment/Armchair/SM_ArmchairSet11.uasset" 522
"../../../../../AlgoRacineF2/Unreal/Switch/ProjetJeuSwitch/tankMania_Switch/Content/LPGenericPropsSet02/Materials/Plastic/MI_PlasticSet05.uasset" 523
"../../../../../AlgoRacineF2/Unreal/Switch/ProjetJeuSwitch/tankMania_Switch/Content/LPGenericPropsSet02/Materials/Plastic/MI_PlasticSet02.uasset" 524
"../../../../../AlgoRacineF2/Unreal/Switch/ProjetJeuSwitch/tankMania_Switch/Content/LPGenericPropsSet02/Meshes/ElectronicEquipment/Speakers/SM_SpeakerSet01.uasset" 525
"../../../../../AlgoRacineF2/Unreal/Switch/ProjetJeuSwitch/tankMania_Switch/Content/LPGenericPropsSet02/Meshes/ElectronicEquipment/Mixed/SM_TowerATXCaseSet01.uasset" 526
"../../../../../AlgoRacineF2/Unreal/Switch/ProjetJeuSwitch/tankMania_Switch/Content/LPGenericPropsSet02/Materials/Glass/MI_GlassSet01.uasset" 527
"../../../../../AlgoRacineF2/Unreal/Switch/ProjetJeuSwitch/tankMania_Switch/Content/LPGenericPropsSet02/Meshes/ElectronicEquipment/Mixed/SM_MonitorSet01.uasset" 528
"../../../../../AlgoRacineF2/Unreal/Switch/ProjetJeuSwitch/tankMania_Switch/Content/LPGenericPropsSet02/Meshes/ElectronicEquipment/Mixed/SM_CDSet01.uasset" 529
"../../../../../AlgoRacineF2/Unreal/Switch/ProjetJeuSwitch/tankMania_Switch/Content/LPGenericPropsSet02/Materials/Walls/MI_WallsSet03.uasset" 530
"../../../../../AlgoRacineF2/Unreal/Switch/ProjetJeuSwitch/tankMania_Switch/Content/LPGenericPropsSet02/Materials/Walls/MI_WallsSet01.uasset" 531
"../../../../../AlgoRacineF2/Unreal/Switch/ProjetJeuSwitch/tankMania_Switch/Content/LPGenericPropsSet02/Meshes/ConstructionEquipment/Walls/SM_WallSet09Size500.uasset" 532
"../../../../../AlgoRacineF2/Unreal/Switch/ProjetJeuSwitch/tankMania_Switch/Content/LPGenericPropsSet02/Meshes/ConstructionEquipment/Walls/SM_WallSet08Size500.uasset" 533
"../../../../../AlgoRacineF2/Unreal/Switch/ProjetJeuSwitch/tankMania_Switch/Content/LPGenericPropsSet02/Materials/Plastic/MI_PlasticSet06.uasset" 534
"../../../../../AlgoRacineF2/Unreal/Switch/ProjetJeuSwitch/tankMania_Switch/Content/LPGenericPropsSet02/Meshes/ConstructionEquipment/Floor/SM_FloorSet02.uasset" 535
"../../../../../AlgoRacineF2/Unreal/Switch/ProjetJeuSwitch/tankMania_Switch/Content/LPGenericPropsSet02/Materials/Generic/M_GenericGlass.uasset" 536
"../../../../../AlgoRacineF2/Unreal/Switch/ProjetJeuSwitch/tankMania_Switch/Content/LPGenericPropsSet02/Materials/Glass/MI_GlassSet02.uasset" 537
"../../../../../AlgoRacineF2/Unreal/Switch/ProjetJeuSwitch/tankMania_Switch/Content/LPGenericPropsSet02/Meshes/ConstructionEquipment/Doors/SM_DoorDualRightSet01.uasset" 538
"../../../../../AlgoRacineF2/Unreal/Switch/ProjetJeuSwitch/tankMania_Switch/Content/LPGenericPropsSet02/Meshes/SM_HouseSet07Windows.uasset" 539
"../../../../../AlgoRacineF2/Unreal/Switch/ProjetJeuSwitch/tankMania_Switch/Content/Image/w.uasset" 540
"../../../../../AlgoRacineF2/Unreal/Switch/ProjetJeuSwitch/tankMania_Switch/Content/Blueprints/HUD/UI.uasset" 541
"../../../../../AlgoRacineF2/Unreal/Switch/ProjetJeuSwitch/tankMania_Switch/Content/Materials/Rouge.uasset" 542
"../../../../../AlgoRacineF2/Unreal/Switch/ProjetJeuSwitch/tankMania_Switch/Content/Materials/M_ColorMaterialMaster.uasset" 543
"../../../../../AlgoRacineF2/Unreal/Switch/ProjetJeuSwitch/tankMania_Switch/Content/Materials/ColorMaterialsInstances/MI_ColorBlu.uasset" 544
"../../../Engine/Content/BasicShapes/Sphere.uasset" 545
"../../../../../AlgoRacineF2/Unreal/Switch/ProjetJeuSwitch/tankMania_Switch/Content/Blueprints/Projectile/BP_BulletPlayer.uasset" 546
"../../../../../AlgoRacineF2/Unreal/Switch/ProjetJeuSwitch/tankMania_Switch/Content/Meshes/SM_PlasmaGunPlatform.uasset" 547
"../../../../../AlgoRacineF2/Unreal/Switch/ProjetJeuSwitch/tankMania_Switch/Content/Meshes/SM_PlasmaGun.uasset" 548
"../../../../../AlgoRacineF2/Unreal/Switch/ProjetJeuSwitch/tankMania_Switch/Content/Materials/ColorMaterialsInstances/MI_ColorRed.uasset" 549
"../../../../../AlgoRacineF2/Unreal/Switch/ProjetJeuSwitch/tankMania_Switch/Content/Textures/T_MainPallete.uasset" 550
"../../../../../AlgoRacineF2/Unreal/Switch/ProjetJeuSwitch/tankMania_Switch/Content/Materials/M_MainMaterial.uasset" 551
"../../../../../AlgoRacineF2/Unreal/Switch/ProjetJeuSwitch/tankMania_Switch/Content/tourellePawn.uasset" 552
"../../../../../AlgoRacineF2/Unreal/Switch/ProjetJeuSwitch/tankMania_Switch/Content/Blueprints/Gamemode/BP_Tourelle_GameMode.uasset" 553
"../../../Engine/Content/BasicShapes/Cube.uasset" 554
"../../../Engine/Content/BasicShapes/BasicShapeMaterial.uasset" 555
"../../../../../AlgoRacineF2/Unreal/Switch/ProjetJeuSwitch/tankMania_Switch/Content/Blueprints/Collectable/BP_Collectable.uasset" 556
"../../../../../AlgoRacineF2/Unreal/Switch/ProjetJeuSwitch/tankMania_Switch/Content/Blueprints/BP_TriggerPhase.uasset" 557
"../../../../../AlgoRacineF2/Unreal/Switch/ProjetJeuSwitch/tankMania_Switch/Content/Blueprints/BP_EndLevel.uasset" 558
"../../../../../AlgoRacineF2/Unreal/Switch/ProjetJeuSwitch/tankMania_Switch/Content/Blueprints/Projectile/BP_BulletEnnemi.uasset" 559
"../../../../../AlgoRacineF2/Unreal/Switch/ProjetJeuSwitch/tankMania_Switch/Content/BP_TourelEnnemi.uasset" 560
"../../../../../AlgoRacineF2/Unreal/Switch/ProjetJeuSwitch/tankMania_Switch/Content/Meshes/SM_WheelChassis_W6.uasset" 561
"../../../../../AlgoRacineF2/Unreal/Switch/ProjetJeuSwitch/tankMania_Switch/Content/Meshes/SM_BodySmall_Type1.uasset" 562
"../../../../../AlgoRacineF2/Unreal/Switch/ProjetJeuSwitch/tankMania_Switch/Content/BP_Tank.uasset" 563
"../../../../../AlgoRacineF2/Unreal/Switch/ProjetJeuSwitch/tankMania_Switch/Content/Meshes/Static_HoverChassis.uasset" 564
"../../../../../AlgoRacineF2/Unreal/Switch/ProjetJeuSwitch/tankMania_Switch/Content/Meshes/SM_LaserGunPlatform.uasset" 565
"../../../../../AlgoRacineF2/Unreal/Switch/ProjetJeuSwitch/tankMania_Switch/Content/Meshes/SM_LaserGun.uasset" 566
"../../../../../AlgoRacineF2/Unreal/Switch/ProjetJeuSwitch/tankMania_Switch/Content/Meshes/SM_BodySmall_Type4.uasset" 567
"../../../../../AlgoRacineF2/Unreal/Switch/ProjetJeuSwitch/tankMania_Switch/Content/BP_Ennemie.uasset" 568
"../../../Engine/Content/MapTemplates/SM_Template_Map_Floor.uasset" 569
"../../../Engine/Content/EngineSky/T_Sky_Stars.uasset" 570
"../../../Engine/Content/EngineSky/T_Sky_Clouds_M.uasset" 571
"../../../Engine/Content/EngineSky/T_Sky_Blue.uasset" 572
"../../../Engine/Content/EngineSky/M_Sky_Panning_Clouds2.uasset" 573
"../../../Engine/Content/EngineSky/SM_SkySphere.uasset" 574
"../../../Engine/Content/EngineSky/C_Sky_Zenith_Color.uasset" 575
"../../../Engine/Content/EngineSky/C_Sky_Horizon_Color.uasset" 576
"../../../Engine/Content/EngineSky/C_Sky_Cloud_Color.uasset" 577
"../../../Engine/Content/EngineSky/BP_Sky_Sphere.uasset" 578
"../../../../../AlgoRacineF2/Unreal/Switch/ProjetJeuSwitch/tankMania_Switch/Content/Map/Test.umap" 579
